{
  "stats": {
    "suites": 1,
    "tests": 1,
    "passes": 1,
    "pending": 0,
    "failures": 0,
    "start": "2022-02-11T15:08:13.411Z",
    "end": "2022-02-11T15:09:00.321Z",
    "duration": 46910,
    "testsRegistered": 1,
    "passPercent": 100,
    "pendingPercent": 0,
    "other": 0,
    "hasOther": false,
    "skipped": 0,
    "hasSkipped": false
  },
  "results": [
    {
      "uuid": "8014301a-96fb-4b39-99bb-242e59075050",
      "title": "",
      "fullFile": "cypress/integration/funcionalidadeCarrinho.spec.js",
      "file": "cypress/integration/funcionalidadeCarrinho.spec.js",
      "beforeHooks": [],
      "afterHooks": [],
      "tests": [],
      "suites": [
        {
          "uuid": "6a5ac15d-7419-4b1c-a3bd-db16f51a7590",
          "title": "",
          "fullFile": "",
          "file": "",
          "beforeHooks": [],
          "afterHooks": [],
          "tests": [
            {
              "title": "Adicionar item ao carrinho atraves da busca",
              "fullTitle": " Adicionar item ao carrinho atraves da busca",
              "timedOut": null,
              "duration": 41326,
              "state": "passed",
              "speed": "slow",
              "pass": true,
              "fail": false,
              "pending": false,
              "context": null,
              "code": "const titulo = cy.title(); //Pesquisando um produto\ncy.adicionarProduto(pesquisa.produto1);\ncy.intercept(\"GET\", \"https://www.araujo.com.br/api/catalog_system/pub/products/search?fq=productId:549029\").as(\"getCart\");\ncy.wait('@getCart'); //Validando item adicionado ao carrinho\ncy.get('.x-minicart__item-title').should('contain', 'Neosaldina'); //Remover itens\ncy.get('.x-minicart__item-remove').click(); //validar que o carrinho está vazio\ncy.get('.x-minicart__empty-btn-close').click();\ncy.get('.floating__sacola > .new').should('contain', 0);\ncy.get('.header__logo > a > svg').click();",
              "err": {},
              "uuid": "aeea0b84-9e7d-42c6-ad5d-ded66efd64e8",
              "parentUUID": "6a5ac15d-7419-4b1c-a3bd-db16f51a7590",
              "isHook": false,
              "skipped": false
            }
          ],
          "suites": [],
          "passes": [
            "aeea0b84-9e7d-42c6-ad5d-ded66efd64e8"
          ],
          "failures": [],
          "pending": [],
          "skipped": [],
          "duration": 41326,
          "root": false,
          "rootEmpty": false,
          "_timeout": 2000
        }
      ],
      "passes": [],
      "failures": [],
      "pending": [],
      "skipped": [],
      "duration": 0,
      "root": true,
      "rootEmpty": true,
      "_timeout": 2000
    }
  ],
  "meta": {
    "mocha": {
      "version": "7.0.1"
    },
    "mochawesome": {
      "options": {
        "quiet": false,
        "reportFilename": "mochawesome",
        "saveHtml": true,
        "saveJson": true,
        "consoleReporter": "spec",
        "useInlineDiffs": false,
        "code": true
      },
      "version": "7.0.1"
    },
    "marge": {
      "options": {
        "id": "default",
        "reportDir": "cypress/reports/mocha",
        "quite": true,
        "overwrite": true,
        "html": true,
        "json": true
      },
      "version": "6.0.1"
    }
  }
}